{"C:\\Users\\Mati\\Documents\\ISW\\software\\src\\app.js": {"path":"C:\\Users\\Mati\\Documents\\ISW\\software\\src\\app.js","all":false,"statementMap":{"0":{"start":{"line":1,"column":0},"end":{"line":1,"column":46}},"1":{"start":{"line":2,"column":0},"end":{"line":2,"column":0}},"2":{"start":{"line":3,"column":0},"end":{"line":3,"column":64}},"3":{"start":{"line":4,"column":0},"end":{"line":4,"column":35}},"4":{"start":{"line":5,"column":0},"end":{"line":5,"column":51}},"5":{"start":{"line":6,"column":0},"end":{"line":6,"column":51}},"6":{"start":{"line":7,"column":0},"end":{"line":7,"column":51}},"7":{"start":{"line":8,"column":0},"end":{"line":8,"column":55}},"8":{"start":{"line":9,"column":0},"end":{"line":9,"column":0}},"9":{"start":{"line":10,"column":0},"end":{"line":10,"column":23}},"10":{"start":{"line":11,"column":0},"end":{"line":11,"column":34}},"11":{"start":{"line":12,"column":0},"end":{"line":12,"column":20}},"12":{"start":{"line":13,"column":0},"end":{"line":13,"column":29}},"13":{"start":{"line":14,"column":0},"end":{"line":14,"column":34}},"14":{"start":{"line":15,"column":0},"end":{"line":15,"column":59}},"15":{"start":{"line":16,"column":0},"end":{"line":16,"column":10}},"16":{"start":{"line":17,"column":0},"end":{"line":17,"column":5}},"17":{"start":{"line":18,"column":0},"end":{"line":18,"column":0}},"18":{"start":{"line":19,"column":0},"end":{"line":19,"column":58}},"19":{"start":{"line":20,"column":0},"end":{"line":20,"column":0}},"20":{"start":{"line":21,"column":0},"end":{"line":21,"column":70}},"21":{"start":{"line":22,"column":0},"end":{"line":22,"column":44}},"22":{"start":{"line":23,"column":0},"end":{"line":23,"column":20}},"23":{"start":{"line":24,"column":0},"end":{"line":24,"column":61}},"24":{"start":{"line":25,"column":0},"end":{"line":25,"column":9}},"25":{"start":{"line":26,"column":0},"end":{"line":26,"column":7}},"26":{"start":{"line":27,"column":0},"end":{"line":27,"column":0}},"27":{"start":{"line":28,"column":0},"end":{"line":28,"column":31}},"28":{"start":{"line":29,"column":0},"end":{"line":29,"column":42}},"29":{"start":{"line":30,"column":0},"end":{"line":30,"column":42}},"30":{"start":{"line":31,"column":0},"end":{"line":31,"column":42}},"31":{"start":{"line":32,"column":0},"end":{"line":32,"column":0}},"32":{"start":{"line":33,"column":0},"end":{"line":33,"column":26}},"33":{"start":{"line":34,"column":0},"end":{"line":34,"column":31}},"34":{"start":{"line":35,"column":0},"end":{"line":35,"column":0}},"35":{"start":{"line":36,"column":0},"end":{"line":36,"column":94}},"36":{"start":{"line":37,"column":0},"end":{"line":37,"column":53}},"37":{"start":{"line":38,"column":0},"end":{"line":38,"column":0}},"38":{"start":{"line":39,"column":0},"end":{"line":39,"column":66}},"39":{"start":{"line":40,"column":0},"end":{"line":40,"column":55}},"40":{"start":{"line":41,"column":0},"end":{"line":41,"column":0}},"41":{"start":{"line":42,"column":0},"end":{"line":42,"column":42}},"42":{"start":{"line":43,"column":0},"end":{"line":43,"column":71}},"43":{"start":{"line":44,"column":0},"end":{"line":44,"column":30}},"44":{"start":{"line":45,"column":0},"end":{"line":45,"column":16}},"45":{"start":{"line":46,"column":0},"end":{"line":46,"column":32}},"46":{"start":{"line":47,"column":0},"end":{"line":47,"column":9}},"47":{"start":{"line":48,"column":0},"end":{"line":48,"column":5}},"48":{"start":{"line":49,"column":0},"end":{"line":49,"column":0}},"49":{"start":{"line":50,"column":0},"end":{"line":50,"column":32}},"50":{"start":{"line":51,"column":0},"end":{"line":51,"column":42}},"51":{"start":{"line":52,"column":0},"end":{"line":52,"column":44}},"52":{"start":{"line":53,"column":0},"end":{"line":53,"column":0}},"53":{"start":{"line":54,"column":0},"end":{"line":54,"column":43}},"54":{"start":{"line":55,"column":0},"end":{"line":55,"column":70}},"55":{"start":{"line":56,"column":0},"end":{"line":56,"column":71}},"56":{"start":{"line":57,"column":0},"end":{"line":57,"column":0}},"57":{"start":{"line":58,"column":0},"end":{"line":58,"column":40}},"58":{"start":{"line":59,"column":0},"end":{"line":59,"column":5}},"59":{"start":{"line":60,"column":0},"end":{"line":60,"column":0}},"60":{"start":{"line":61,"column":0},"end":{"line":61,"column":61}},"61":{"start":{"line":62,"column":0},"end":{"line":62,"column":0}},"62":{"start":{"line":63,"column":0},"end":{"line":63,"column":68}},"63":{"start":{"line":64,"column":0},"end":{"line":64,"column":43}},"64":{"start":{"line":65,"column":0},"end":{"line":65,"column":40}},"65":{"start":{"line":66,"column":0},"end":{"line":66,"column":0}},"66":{"start":{"line":67,"column":0},"end":{"line":67,"column":44}},"67":{"start":{"line":68,"column":0},"end":{"line":68,"column":27}},"68":{"start":{"line":69,"column":0},"end":{"line":69,"column":35}},"69":{"start":{"line":70,"column":0},"end":{"line":70,"column":0}},"70":{"start":{"line":71,"column":0},"end":{"line":71,"column":88}},"71":{"start":{"line":72,"column":0},"end":{"line":72,"column":63}},"72":{"start":{"line":73,"column":0},"end":{"line":73,"column":69}},"73":{"start":{"line":74,"column":0},"end":{"line":74,"column":0}},"74":{"start":{"line":75,"column":0},"end":{"line":75,"column":45}},"75":{"start":{"line":76,"column":0},"end":{"line":76,"column":46}},"76":{"start":{"line":77,"column":0},"end":{"line":77,"column":0}},"77":{"start":{"line":78,"column":0},"end":{"line":78,"column":73}},"78":{"start":{"line":79,"column":0},"end":{"line":79,"column":42}},"79":{"start":{"line":80,"column":0},"end":{"line":80,"column":42}},"80":{"start":{"line":81,"column":0},"end":{"line":81,"column":42}},"81":{"start":{"line":82,"column":0},"end":{"line":82,"column":42}},"82":{"start":{"line":83,"column":0},"end":{"line":83,"column":0}},"83":{"start":{"line":84,"column":0},"end":{"line":84,"column":45}},"84":{"start":{"line":85,"column":0},"end":{"line":85,"column":45}},"85":{"start":{"line":86,"column":0},"end":{"line":86,"column":0}},"86":{"start":{"line":87,"column":0},"end":{"line":87,"column":61}},"87":{"start":{"line":88,"column":0},"end":{"line":88,"column":62}},"88":{"start":{"line":89,"column":0},"end":{"line":89,"column":0}},"89":{"start":{"line":90,"column":0},"end":{"line":90,"column":37}},"90":{"start":{"line":91,"column":0},"end":{"line":91,"column":37}},"91":{"start":{"line":92,"column":0},"end":{"line":92,"column":37}},"92":{"start":{"line":93,"column":0},"end":{"line":93,"column":0}},"93":{"start":{"line":94,"column":0},"end":{"line":94,"column":28}},"94":{"start":{"line":95,"column":0},"end":{"line":95,"column":29}},"95":{"start":{"line":96,"column":0},"end":{"line":96,"column":29}},"96":{"start":{"line":97,"column":0},"end":{"line":97,"column":28}},"97":{"start":{"line":98,"column":0},"end":{"line":98,"column":10}},"98":{"start":{"line":99,"column":0},"end":{"line":99,"column":0}},"99":{"start":{"line":100,"column":0},"end":{"line":100,"column":26}},"100":{"start":{"line":101,"column":0},"end":{"line":101,"column":36}},"101":{"start":{"line":102,"column":0},"end":{"line":102,"column":72}},"102":{"start":{"line":103,"column":0},"end":{"line":103,"column":19}},"103":{"start":{"line":104,"column":0},"end":{"line":104,"column":9}},"104":{"start":{"line":105,"column":0},"end":{"line":105,"column":0}},"105":{"start":{"line":106,"column":0},"end":{"line":106,"column":28}},"106":{"start":{"line":107,"column":0},"end":{"line":107,"column":35}},"107":{"start":{"line":108,"column":0},"end":{"line":108,"column":40}},"108":{"start":{"line":109,"column":0},"end":{"line":109,"column":0}},"109":{"start":{"line":110,"column":0},"end":{"line":110,"column":31}},"110":{"start":{"line":111,"column":0},"end":{"line":111,"column":67}},"111":{"start":{"line":112,"column":0},"end":{"line":112,"column":0}},"112":{"start":{"line":113,"column":0},"end":{"line":113,"column":61}},"113":{"start":{"line":114,"column":0},"end":{"line":114,"column":72}},"114":{"start":{"line":115,"column":0},"end":{"line":115,"column":71}},"115":{"start":{"line":116,"column":0},"end":{"line":116,"column":16}},"116":{"start":{"line":117,"column":0},"end":{"line":117,"column":0}},"117":{"start":{"line":118,"column":0},"end":{"line":118,"column":75}},"118":{"start":{"line":119,"column":0},"end":{"line":119,"column":0}},"119":{"start":{"line":120,"column":0},"end":{"line":120,"column":31}},"120":{"start":{"line":121,"column":0},"end":{"line":121,"column":83}},"121":{"start":{"line":122,"column":0},"end":{"line":122,"column":66}},"122":{"start":{"line":123,"column":0},"end":{"line":123,"column":51}},"123":{"start":{"line":124,"column":0},"end":{"line":124,"column":24}},"124":{"start":{"line":125,"column":0},"end":{"line":125,"column":94}},"125":{"start":{"line":126,"column":0},"end":{"line":126,"column":64}},"126":{"start":{"line":127,"column":0},"end":{"line":127,"column":45}},"127":{"start":{"line":128,"column":0},"end":{"line":128,"column":17}},"128":{"start":{"line":129,"column":0},"end":{"line":129,"column":20}},"129":{"start":{"line":130,"column":0},"end":{"line":130,"column":64}},"130":{"start":{"line":131,"column":0},"end":{"line":131,"column":13}},"131":{"start":{"line":132,"column":0},"end":{"line":132,"column":9}},"132":{"start":{"line":133,"column":0},"end":{"line":133,"column":8}},"133":{"start":{"line":134,"column":0},"end":{"line":134,"column":58}},"134":{"start":{"line":135,"column":0},"end":{"line":135,"column":58}},"135":{"start":{"line":136,"column":0},"end":{"line":136,"column":43}},"136":{"start":{"line":137,"column":0},"end":{"line":137,"column":16}},"137":{"start":{"line":138,"column":0},"end":{"line":138,"column":58}},"138":{"start":{"line":139,"column":0},"end":{"line":139,"column":56}},"139":{"start":{"line":140,"column":0},"end":{"line":140,"column":36}},"140":{"start":{"line":141,"column":0},"end":{"line":141,"column":9}},"141":{"start":{"line":142,"column":0},"end":{"line":142,"column":5}},"142":{"start":{"line":143,"column":0},"end":{"line":143,"column":0}},"143":{"start":{"line":144,"column":0},"end":{"line":144,"column":70}},"144":{"start":{"line":145,"column":0},"end":{"line":145,"column":59}},"145":{"start":{"line":146,"column":0},"end":{"line":146,"column":50}},"146":{"start":{"line":147,"column":0},"end":{"line":147,"column":39}},"147":{"start":{"line":148,"column":0},"end":{"line":148,"column":39}},"148":{"start":{"line":149,"column":0},"end":{"line":149,"column":0}},"149":{"start":{"line":150,"column":0},"end":{"line":150,"column":31}},"150":{"start":{"line":151,"column":0},"end":{"line":151,"column":31}},"151":{"start":{"line":152,"column":0},"end":{"line":152,"column":0}},"152":{"start":{"line":153,"column":0},"end":{"line":153,"column":52}},"153":{"start":{"line":154,"column":0},"end":{"line":154,"column":30}},"154":{"start":{"line":155,"column":0},"end":{"line":155,"column":45}},"155":{"start":{"line":156,"column":0},"end":{"line":156,"column":44}},"156":{"start":{"line":157,"column":0},"end":{"line":157,"column":0}},"157":{"start":{"line":158,"column":0},"end":{"line":158,"column":59}},"158":{"start":{"line":159,"column":0},"end":{"line":159,"column":68}},"159":{"start":{"line":160,"column":0},"end":{"line":160,"column":77}},"160":{"start":{"line":161,"column":0},"end":{"line":161,"column":55}},"161":{"start":{"line":162,"column":0},"end":{"line":162,"column":34}},"162":{"start":{"line":163,"column":0},"end":{"line":163,"column":9}},"163":{"start":{"line":164,"column":0},"end":{"line":164,"column":0}},"164":{"start":{"line":165,"column":0},"end":{"line":165,"column":36}},"165":{"start":{"line":166,"column":0},"end":{"line":166,"column":32}},"166":{"start":{"line":167,"column":0},"end":{"line":167,"column":0}},"167":{"start":{"line":168,"column":0},"end":{"line":168,"column":21}},"168":{"start":{"line":169,"column":0},"end":{"line":169,"column":55}},"169":{"start":{"line":170,"column":0},"end":{"line":170,"column":41}},"170":{"start":{"line":171,"column":0},"end":{"line":171,"column":36}},"171":{"start":{"line":172,"column":0},"end":{"line":172,"column":19}},"172":{"start":{"line":173,"column":0},"end":{"line":173,"column":81}},"173":{"start":{"line":174,"column":0},"end":{"line":174,"column":81}},"174":{"start":{"line":175,"column":0},"end":{"line":175,"column":39}},"175":{"start":{"line":176,"column":0},"end":{"line":176,"column":0}},"176":{"start":{"line":177,"column":0},"end":{"line":177,"column":55}},"177":{"start":{"line":178,"column":0},"end":{"line":178,"column":55}},"178":{"start":{"line":179,"column":0},"end":{"line":179,"column":55}},"179":{"start":{"line":180,"column":0},"end":{"line":180,"column":18}},"180":{"start":{"line":181,"column":0},"end":{"line":181,"column":10}},"181":{"start":{"line":182,"column":0},"end":{"line":182,"column":32}},"182":{"start":{"line":183,"column":0},"end":{"line":183,"column":5}},"183":{"start":{"line":184,"column":0},"end":{"line":184,"column":0}},"184":{"start":{"line":185,"column":0},"end":{"line":185,"column":34}},"185":{"start":{"line":186,"column":0},"end":{"line":186,"column":48}},"186":{"start":{"line":187,"column":0},"end":{"line":187,"column":49}},"187":{"start":{"line":188,"column":0},"end":{"line":188,"column":11}},"188":{"start":{"line":189,"column":0},"end":{"line":189,"column":21}},"189":{"start":{"line":190,"column":0},"end":{"line":190,"column":55}},"190":{"start":{"line":191,"column":0},"end":{"line":191,"column":48}},"191":{"start":{"line":192,"column":0},"end":{"line":192,"column":45}},"192":{"start":{"line":193,"column":0},"end":{"line":193,"column":19}},"193":{"start":{"line":194,"column":0},"end":{"line":194,"column":10}},"194":{"start":{"line":195,"column":0},"end":{"line":195,"column":32}},"195":{"start":{"line":196,"column":0},"end":{"line":196,"column":5}},"196":{"start":{"line":197,"column":0},"end":{"line":197,"column":0}},"197":{"start":{"line":198,"column":0},"end":{"line":198,"column":32}},"198":{"start":{"line":199,"column":0},"end":{"line":199,"column":48}},"199":{"start":{"line":200,"column":0},"end":{"line":200,"column":51}},"200":{"start":{"line":201,"column":0},"end":{"line":201,"column":11}},"201":{"start":{"line":202,"column":0},"end":{"line":202,"column":5}},"202":{"start":{"line":203,"column":0},"end":{"line":203,"column":0}},"203":{"start":{"line":204,"column":0},"end":{"line":204,"column":82}},"204":{"start":{"line":205,"column":0},"end":{"line":205,"column":60}},"205":{"start":{"line":206,"column":0},"end":{"line":206,"column":1}},"206":{"start":{"line":207,"column":0},"end":{"line":207,"column":0}},"207":{"start":{"line":208,"column":0},"end":{"line":208,"column":90}},"208":{"start":{"line":209,"column":0},"end":{"line":209,"column":55}},"209":{"start":{"line":210,"column":0},"end":{"line":210,"column":22}},"210":{"start":{"line":211,"column":0},"end":{"line":211,"column":1}}},"s":{"0":1,"1":1,"2":1,"3":1,"4":4,"5":4,"6":4,"7":4,"8":4,"9":4,"10":4,"11":4,"12":4,"13":0,"14":0,"15":4,"16":4,"17":4,"18":4,"19":4,"20":4,"21":4,"22":12,"23":12,"24":12,"25":4,"26":4,"27":4,"28":4,"29":4,"30":4,"31":4,"32":4,"33":4,"34":4,"35":4,"36":4,"37":3,"38":3,"39":3,"40":3,"41":4,"42":2,"43":2,"44":4,"45":1,"46":1,"47":4,"48":4,"49":4,"50":2,"51":2,"52":2,"53":2,"54":2,"55":2,"56":2,"57":2,"58":2,"59":4,"60":4,"61":4,"62":4,"63":4,"64":2,"65":2,"66":2,"67":2,"68":2,"69":2,"70":2,"71":2,"72":2,"73":2,"74":2,"75":2,"76":2,"77":2,"78":2,"79":2,"80":2,"81":2,"82":2,"83":2,"84":2,"85":2,"86":2,"87":2,"88":2,"89":2,"90":2,"91":2,"92":2,"93":2,"94":2,"95":2,"96":2,"97":2,"98":2,"99":2,"100":2,"101":2,"102":2,"103":2,"104":0,"105":0,"106":0,"107":0,"108":0,"109":0,"110":0,"111":0,"112":0,"113":0,"114":0,"115":0,"116":0,"117":0,"118":0,"119":0,"120":0,"121":0,"122":0,"123":0,"124":0,"125":0,"126":0,"127":0,"128":0,"129":0,"130":0,"131":0,"132":0,"133":0,"134":0,"135":0,"136":0,"137":0,"138":0,"139":0,"140":0,"141":2,"142":4,"143":4,"144":4,"145":2,"146":6,"147":6,"148":6,"149":6,"150":6,"151":6,"152":6,"153":6,"154":6,"155":6,"156":6,"157":6,"158":6,"159":6,"160":6,"161":6,"162":6,"163":2,"164":2,"165":2,"166":2,"167":2,"168":2,"169":2,"170":2,"171":2,"172":2,"173":2,"174":2,"175":2,"176":2,"177":2,"178":2,"179":2,"180":2,"181":2,"182":2,"183":4,"184":4,"185":1,"186":3,"187":1,"188":1,"189":1,"190":1,"191":1,"192":1,"193":1,"194":1,"195":1,"196":4,"197":4,"198":2,"199":6,"200":2,"201":2,"202":4,"203":4,"204":4,"205":4,"206":1,"207":1,"208":1,"209":0,"210":0},"branchMap":{"0":{"type":"branch","line":209,"loc":{"start":{"line":209,"column":36},"end":{"line":209,"column":52}},"locations":[{"start":{"line":209,"column":36},"end":{"line":209,"column":52}}]},"1":{"type":"branch","line":209,"loc":{"start":{"line":209,"column":54},"end":{"line":211,"column":1}},"locations":[{"start":{"line":209,"column":54},"end":{"line":211,"column":1}}]},"2":{"type":"branch","line":4,"loc":{"start":{"line":4,"column":7},"end":{"line":206,"column":1}},"locations":[{"start":{"line":4,"column":7},"end":{"line":206,"column":1}}]},"3":{"type":"branch","line":11,"loc":{"start":{"line":11,"column":4},"end":{"line":17,"column":5}},"locations":[{"start":{"line":11,"column":4},"end":{"line":17,"column":5}}]},"4":{"type":"branch","line":22,"loc":{"start":{"line":22,"column":34},"end":{"line":26,"column":5}},"locations":[{"start":{"line":22,"column":34},"end":{"line":26,"column":5}}]},"5":{"type":"branch","line":28,"loc":{"start":{"line":28,"column":4},"end":{"line":48,"column":5}},"locations":[{"start":{"line":28,"column":4},"end":{"line":48,"column":5}}]},"6":{"type":"branch","line":37,"loc":{"start":{"line":37,"column":21},"end":{"line":37,"column":32}},"locations":[{"start":{"line":37,"column":21},"end":{"line":37,"column":32}}]},"7":{"type":"branch","line":37,"loc":{"start":{"line":37,"column":33},"end":{"line":37,"column":44}},"locations":[{"start":{"line":37,"column":33},"end":{"line":37,"column":44}}]},"8":{"type":"branch","line":37,"loc":{"start":{"line":37,"column":46},"end":{"line":37,"column":53}},"locations":[{"start":{"line":37,"column":46},"end":{"line":37,"column":53}}]},"9":{"type":"branch","line":38,"loc":{"start":{"line":38,"column":-2},"end":{"line":42,"column":41}},"locations":[{"start":{"line":38,"column":-2},"end":{"line":42,"column":41}}]},"10":{"type":"branch","line":42,"loc":{"start":{"line":42,"column":41},"end":{"line":45,"column":9}},"locations":[{"start":{"line":42,"column":41},"end":{"line":45,"column":9}}]},"11":{"type":"branch","line":45,"loc":{"start":{"line":45,"column":9},"end":{"line":47,"column":9}},"locations":[{"start":{"line":45,"column":9},"end":{"line":47,"column":9}}]},"12":{"type":"branch","line":50,"loc":{"start":{"line":50,"column":4},"end":{"line":59,"column":5}},"locations":[{"start":{"line":50,"column":4},"end":{"line":59,"column":5}}]},"13":{"type":"branch","line":64,"loc":{"start":{"line":64,"column":4},"end":{"line":142,"column":5}},"locations":[{"start":{"line":64,"column":4},"end":{"line":142,"column":5}}]},"14":{"type":"branch","line":104,"loc":{"start":{"line":104,"column":8},"end":{"line":141,"column":9}},"locations":[{"start":{"line":104,"column":8},"end":{"line":141,"column":9}}]},"15":{"type":"branch","line":145,"loc":{"start":{"line":145,"column":4},"end":{"line":183,"column":5}},"locations":[{"start":{"line":145,"column":4},"end":{"line":183,"column":5}}]},"16":{"type":"branch","line":146,"loc":{"start":{"line":146,"column":8},"end":{"line":163,"column":9}},"locations":[{"start":{"line":146,"column":8},"end":{"line":163,"column":9}}]},"17":{"type":"branch","line":185,"loc":{"start":{"line":185,"column":4},"end":{"line":196,"column":5}},"locations":[{"start":{"line":185,"column":4},"end":{"line":196,"column":5}}]},"18":{"type":"branch","line":186,"loc":{"start":{"line":186,"column":38},"end":{"line":188,"column":9}},"locations":[{"start":{"line":186,"column":38},"end":{"line":188,"column":9}}]},"19":{"type":"branch","line":198,"loc":{"start":{"line":198,"column":4},"end":{"line":202,"column":5}},"locations":[{"start":{"line":198,"column":4},"end":{"line":202,"column":5}}]},"20":{"type":"branch","line":199,"loc":{"start":{"line":199,"column":38},"end":{"line":201,"column":9}},"locations":[{"start":{"line":199,"column":38},"end":{"line":201,"column":9}}]}},"b":{"0":[0],"1":[0],"2":[4],"3":[4],"4":[12],"5":[4],"6":[3],"7":[3],"8":[1],"9":[3],"10":[2],"11":[1],"12":[2],"13":[2],"14":[0],"15":[2],"16":[6],"17":[1],"18":[3],"19":[2],"20":[6]},"fnMap":{"0":{"name":"initTriangleApp","decl":{"start":{"line":4,"column":7},"end":{"line":206,"column":1}},"loc":{"start":{"line":4,"column":7},"end":{"line":206,"column":1}},"line":4},"1":{"name":"debounce","decl":{"start":{"line":11,"column":4},"end":{"line":17,"column":5}},"loc":{"start":{"line":11,"column":4},"end":{"line":17,"column":5}},"line":11},"2":{"name":"updateTriangle","decl":{"start":{"line":28,"column":4},"end":{"line":48,"column":5}},"loc":{"start":{"line":28,"column":4},"end":{"line":48,"column":5}},"line":28},"3":{"name":"getScale","decl":{"start":{"line":50,"column":4},"end":{"line":59,"column":5}},"loc":{"start":{"line":50,"column":4},"end":{"line":59,"column":5}},"line":50},"4":{"name":"drawTriangle","decl":{"start":{"line":64,"column":4},"end":{"line":142,"column":5}},"loc":{"start":{"line":64,"column":4},"end":{"line":142,"column":5}},"line":64},"5":{"name":"animate","decl":{"start":{"line":110,"column":8},"end":{"line":132,"column":9}},"loc":{"start":{"line":110,"column":8},"end":{"line":132,"column":9}},"line":110},"6":{"name":"renderTriangle","decl":{"start":{"line":145,"column":4},"end":{"line":183,"column":5}},"loc":{"start":{"line":145,"column":4},"end":{"line":183,"column":5}},"line":145},"7":{"name":"makeLabel","decl":{"start":{"line":146,"column":8},"end":{"line":163,"column":9}},"loc":{"start":{"line":146,"column":8},"end":{"line":163,"column":9}},"line":146},"8":{"name":"markInputsInvalid","decl":{"start":{"line":185,"column":4},"end":{"line":196,"column":5}},"loc":{"start":{"line":185,"column":4},"end":{"line":196,"column":5}},"line":185},"9":{"name":"markInputsValid","decl":{"start":{"line":198,"column":4},"end":{"line":202,"column":5}},"loc":{"start":{"line":198,"column":4},"end":{"line":202,"column":5}},"line":198}},"f":{"0":4,"1":4,"2":4,"3":2,"4":2,"5":0,"6":2,"7":6,"8":1,"9":2}}
,"C:\\Users\\Mati\\Documents\\ISW\\software\\src\\logic.js": {"path":"C:\\Users\\Mati\\Documents\\ISW\\software\\src\\logic.js","all":false,"statementMap":{"0":{"start":{"line":1,"column":0},"end":{"line":1,"column":43}},"1":{"start":{"line":2,"column":0},"end":{"line":2,"column":25}},"2":{"start":{"line":3,"column":0},"end":{"line":3,"column":0}},"3":{"start":{"line":4,"column":0},"end":{"line":4,"column":39}},"4":{"start":{"line":5,"column":0},"end":{"line":5,"column":55}},"5":{"start":{"line":6,"column":0},"end":{"line":6,"column":22}},"6":{"start":{"line":7,"column":0},"end":{"line":7,"column":3}},"7":{"start":{"line":8,"column":0},"end":{"line":8,"column":0}},"8":{"start":{"line":9,"column":0},"end":{"line":9,"column":37}},"9":{"start":{"line":10,"column":0},"end":{"line":10,"column":47}},"10":{"start":{"line":11,"column":0},"end":{"line":11,"column":22}},"11":{"start":{"line":12,"column":0},"end":{"line":12,"column":3}},"12":{"start":{"line":13,"column":0},"end":{"line":13,"column":0}},"13":{"start":{"line":14,"column":0},"end":{"line":14,"column":15}},"14":{"start":{"line":15,"column":0},"end":{"line":15,"column":46}},"15":{"start":{"line":16,"column":0},"end":{"line":16,"column":56}},"16":{"start":{"line":17,"column":0},"end":{"line":17,"column":20}},"17":{"start":{"line":18,"column":0},"end":{"line":18,"column":1}}},"s":{"0":1,"1":27,"2":27,"3":27,"4":27,"5":8,"6":8,"7":19,"8":19,"9":27,"10":4,"11":4,"12":15,"13":15,"14":27,"15":27,"16":6,"17":6},"branchMap":{"0":{"type":"branch","line":1,"loc":{"start":{"line":1,"column":7},"end":{"line":18,"column":1}},"locations":[{"start":{"line":1,"column":7},"end":{"line":18,"column":1}}]},"1":{"type":"branch","line":5,"loc":{"start":{"line":5,"column":54},"end":{"line":7,"column":3}},"locations":[{"start":{"line":5,"column":54},"end":{"line":7,"column":3}}]},"2":{"type":"branch","line":7,"loc":{"start":{"line":7,"column":2},"end":{"line":10,"column":17}},"locations":[{"start":{"line":7,"column":2},"end":{"line":10,"column":17}}]},"3":{"type":"branch","line":10,"loc":{"start":{"line":10,"column":17},"end":{"line":10,"column":30}},"locations":[{"start":{"line":10,"column":17},"end":{"line":10,"column":30}}]},"4":{"type":"branch","line":10,"loc":{"start":{"line":10,"column":31},"end":{"line":10,"column":44}},"locations":[{"start":{"line":10,"column":31},"end":{"line":10,"column":44}}]},"5":{"type":"branch","line":10,"loc":{"start":{"line":10,"column":46},"end":{"line":12,"column":3}},"locations":[{"start":{"line":10,"column":46},"end":{"line":12,"column":3}}]},"6":{"type":"branch","line":12,"loc":{"start":{"line":12,"column":2},"end":{"line":15,"column":24}},"locations":[{"start":{"line":12,"column":2},"end":{"line":15,"column":24}}]},"7":{"type":"branch","line":12,"loc":{"start":{"line":12,"column":2},"end":{"line":15,"column":14}},"locations":[{"start":{"line":12,"column":2},"end":{"line":15,"column":14}}]},"8":{"type":"branch","line":15,"loc":{"start":{"line":15,"column":14},"end":{"line":15,"column":24}},"locations":[{"start":{"line":15,"column":14},"end":{"line":15,"column":24}}]},"9":{"type":"branch","line":15,"loc":{"start":{"line":15,"column":26},"end":{"line":16,"column":14}},"locations":[{"start":{"line":15,"column":26},"end":{"line":16,"column":14}}]},"10":{"type":"branch","line":15,"loc":{"start":{"line":15,"column":26},"end":{"line":15,"column":46}},"locations":[{"start":{"line":15,"column":26},"end":{"line":15,"column":46}}]},"11":{"type":"branch","line":16,"loc":{"start":{"line":16,"column":-2},"end":{"line":16,"column":14}},"locations":[{"start":{"line":16,"column":-2},"end":{"line":16,"column":14}}]},"12":{"type":"branch","line":16,"loc":{"start":{"line":16,"column":14},"end":{"line":16,"column":24}},"locations":[{"start":{"line":16,"column":14},"end":{"line":16,"column":24}}]},"13":{"type":"branch","line":16,"loc":{"start":{"line":16,"column":25},"end":{"line":16,"column":35}},"locations":[{"start":{"line":16,"column":25},"end":{"line":16,"column":35}}]},"14":{"type":"branch","line":16,"loc":{"start":{"line":16,"column":37},"end":{"line":18,"column":1}},"locations":[{"start":{"line":16,"column":37},"end":{"line":18,"column":1}}]},"15":{"type":"branch","line":5,"loc":{"start":{"line":5,"column":16},"end":{"line":5,"column":51}},"locations":[{"start":{"line":5,"column":16},"end":{"line":5,"column":51}}]},"16":{"type":"branch","line":5,"loc":{"start":{"line":5,"column":42},"end":{"line":5,"column":51}},"locations":[{"start":{"line":5,"column":42},"end":{"line":5,"column":51}}]}},"b":{"0":[27],"1":[8],"2":[19],"3":[16],"4":[16],"5":[4],"6":[26],"7":[15],"8":[7],"9":[25],"10":[3],"11":[12],"12":[8],"13":[7],"14":[6],"15":[71],"16":[66]},"fnMap":{"0":{"name":"classifyTriangle","decl":{"start":{"line":1,"column":7},"end":{"line":18,"column":1}},"loc":{"start":{"line":1,"column":7},"end":{"line":18,"column":1}},"line":1}},"f":{"0":27}}
}
